    ======  ======
    Time:8/29/2016 12:16:19 PM
    Title: Initiate log
    Message: 
    Time:8/29/2016 12:16:19 PM
    Title: Initiate InternalManager
    Message: Trying to Validate License
    Time:8/29/2016 12:16:19 PM
    Title: Requesting EVT
    Message: EVTP
    Time:8/29/2016 12:16:19 PM
    Title: Requesting Validation
    Message: ILMValidate
    Time:8/29/2016 12:16:19 PM
    Title: LICENSER
    Message: TRL MODE
    Time:8/29/2016 12:16:19 PM
    Title: LICENSER
    Message: DS LEFT2
    Time:8/29/2016 12:16:19 PM
    Title: LICENSER
    Message: DT MARK PASSED2.00:00:00
    Entering constructor for: Telerik.CommonPackage.Telerik_CommonPackagePackage
    Entering Initialize() of: Telerik.CommonPackage.Telerik_CommonPackagePackage
    Entering constructor for: TechTalk.SpecFlow.VsIntegration.SpecFlowPackagePackage
    Entering Initialize() of: TechTalk.SpecFlow.VsIntegration.SpecFlowPackagePackage
    Entering constructor for: Microsoft.SyncfusionAssemblyReference.SyncfusionAssemblyReferencePackage
    Entering Initialize() of: Microsoft.SyncfusionAssemblyReference.SyncfusionAssemblyReferencePackage
    TestWindow package loaded
    Informational: ------ Load Playlist started ------
    Informational: ========== Load Playlist finished (0:00:00.0030003) ==========
    Web method running: [https://app.vssps.visualstudio.com/_apis/connectionData?connectOptions=None&lastChangeId=94&lastChangeId64=94] (GET)connectionData[connectionData]
    Web method running: [https://app.vssps.visualstudio.com/_apis/connectionData?connectOptions=None&lastChangeId=94&lastChangeId64=94] (GET)connectionData[connectionData]
    Web method response: [https://app.vssps.visualstudio.com/_apis/connectionData?connectOptions=None&lastChangeId=94&lastChangeId64=94] (GET)connectionData[connectionData] 504 ms
    Web method response: [https://app.vssps.visualstudio.com/_apis/connectionData?connectOptions=None&lastChangeId=94&lastChangeId64=94] (GET)connectionData[connectionData] 251 ms
    Web method running: [https://app.vsspsext.visualstudio.com/_apis/connectionData?connectOptions=None&lastChangeId=6776&lastChangeId64=6776] (GET)connectionData[connectionData]
    Web method running: [https://app.vssps.visualstudio.com/_apis/Accounts?memberId=3c8939ea-4933-43de-9701-30b57fec2a75&includeOwner=true] (GET)Accounts[Accounts]
    Web method response: [https://app.vsspsext.visualstudio.com/_apis/connectionData?connectOptions=None&lastChangeId=6776&lastChangeId64=6776] (GET)connectionData[connectionData] 346 ms
    Web method running: [https://app.vsspsext.visualstudio.com/_apis/Profile/Profiles/me?details=true&withattributes=false&coreattributes=Minimal%2CEmail%2CAvatar%2CDisplayName%2CAll] (GET)me[Profile]
    Web method response: [https://app.vssps.visualstudio.com/_apis/Accounts?memberId=3c8939ea-4933-43de-9701-30b57fec2a75&includeOwner=true] (GET)Accounts[Accounts] 478 ms
    Web method response: [https://app.vsspsext.visualstudio.com/_apis/Profile/Profiles/me?details=true&withattributes=false&coreattributes=Minimal%2CEmail%2CAvatar%2CDisplayName%2CAll] (GET)me[Profile] 320 ms
    Web method running: [https://seanrand.visualstudio.com/_apis/connectionData?connectOptions=IncludeServices&lastChangeId=27856901&lastChangeId64=27856901] (GET)connectionData[connectionData]
    Web method running: [https://app.vssps.visualstudio.com/_apis/identities/me] (GET)me[identities]
    Web method response: [https://app.vssps.visualstudio.com/_apis/identities/me] (GET)me[identities] 50 ms
    Web method running: [https://app.vsspsext.visualstudio.com/_apis/Profile/Locations?profilePageType=Update] (GET)Locations[Profile]
    Web method response: [https://app.vsspsext.visualstudio.com/_apis/Profile/Locations?profilePageType=Update] (GET)Locations[Profile] 74 ms
    Web method running: [https://app.vsspsext.visualstudio.com/_apis/Profile/Settings/ProfileRefreshInterval] (GET)ProfileRefreshInterval[Profile]
    Web method response: [https://app.vsspsext.visualstudio.com/_apis/Profile/Settings/ProfileRefreshInterval] (GET)ProfileRefreshInterval[Profile] 48 ms
    Web method response: [https://seanrand.visualstudio.com/_apis/connectionData?connectOptions=IncludeServices&lastChangeId=27856901&lastChangeId64=27856901] (GET)connectionData[connectionData] 1137 ms
    Web method running: [https://app.vsspsext.visualstudio.com/_apis/Profile/Profiles/me/Avatar?size=Small] (GET)Avatar[Profile]
    Web method response: [https://app.vsspsext.visualstudio.com/_apis/Profile/Profiles/me/Avatar?size=Small] (GET)Avatar[Profile] 63 ms
    Web method running: [https://app.vsspsext.visualstudio.com/_apis/Profile/Profiles/me/Attributes?partition=VisualStudio.14_PreferredProfile&modifiedafterrevision=521586] (GET)Attributes[Profile]
    Web method response: [https://app.vsspsext.visualstudio.com/_apis/Profile/Profiles/me/Attributes?partition=VisualStudio.14_PreferredProfile&modifiedafterrevision=521586] (GET)Attributes[Profile] 179 ms
    devenv.exe Information: 0 : 8/29/2016 3:17:02 PM:  - TokenCache: Deserialized 3 items to token cache.
    devenv.exe Information: 0 : 8/29/2016 3:22:55 PM:  - AuthenticationContext: ADAL .NET with assembly version '2.16.0.0', file version '2.16.20422.1202' and informational version '7329346b1c69910ce7abd66c3f8a918c307827a1' is running...
    devenv.exe Information: 0 : 8/29/2016 3:22:55 PM: 914d3864-782e-4ed1-86e0-77aac8b3b004 - AcquireTokenHandlerBase: === Token Acquisition started:
	Authority: https://login.microsoftonline.com/f8cdef31-a31e-4b4a-93e4-5f571e91255a/
	Resource: https://management.core.windows.net/
	ClientId: 872cd9fa-d31f-45e0-9eab-6e460a02d1f1
	CacheType: Microsoft.VisualStudio.Services.Client.AccountManagement.AccountManagerAdalCache (3 items)
	Authentication Target: User
	
    devenv.exe Information: 0 : 8/29/2016 3:22:55 PM: 914d3864-782e-4ed1-86e0-77aac8b3b004 - TokenCache: Looking up cache for a token...
    devenv.exe Information: 0 : 8/29/2016 3:22:55 PM: 914d3864-782e-4ed1-86e0-77aac8b3b004 - TokenCache: An item matching the requested resource was found in the cache
    devenv.exe Information: 0 : 8/29/2016 3:22:55 PM: 914d3864-782e-4ed1-86e0-77aac8b3b004 - TokenCache: An expired or near expiry token was found in the cache
    devenv.exe Information: 0 : 8/29/2016 3:22:55 PM: 914d3864-782e-4ed1-86e0-77aac8b3b004 - TokenCache: A matching item (access token or refresh token or both) was found in the cache
    devenv.exe Information: 0 : 8/29/2016 3:22:55 PM: 914d3864-782e-4ed1-86e0-77aac8b3b004 - <RefreshAccessTokenAsync>d__11: Refreshing access token...
    devenv.exe Information: 0 : 8/29/2016 3:22:55 PM: 914d3864-782e-4ed1-86e0-77aac8b3b004 - AcquireTokenSilentHandler: No token matching arguments found in the cache
    devenv.exe Error: 0 : 8/29/2016 3:22:55 PM: 914d3864-782e-4ed1-86e0-77aac8b3b004 - <RunAsync>d__0: Microsoft.IdentityModel.Clients.ActiveDirectory.AdalSilentTokenAcquisitionException: Failed to acquire token silently. Call method AcquireToken
   at Microsoft.IdentityModel.Clients.ActiveDirectory.AcquireTokenSilentHandler.SendTokenRequestAsync()
   at Microsoft.IdentityModel.Clients.ActiveDirectory.AcquireTokenHandlerBase.<RunAsync>d__0.MoveNext()
	ErrorCode: failed_to_acquire_token_silently
    devenv.exe Information: 0 : 8/29/2016 3:22:55 PM: 716e37bf-c0e4-4e10-b6f7-d40cef16c338 - AcquireTokenHandlerBase: === Token Acquisition started:
	Authority: https://login.microsoftonline.com/f8cdef31-a31e-4b4a-93e4-5f571e91255a/
	Resource: https://management.core.windows.net/
	ClientId: 872cd9fa-d31f-45e0-9eab-6e460a02d1f1
	CacheType: Microsoft.VisualStudio.Services.Client.AccountManagement.AccountManagerAdalCache (3 items)
	Authentication Target: User
	
    devenv.exe Information: 0 : 8/29/2016 3:22:55 PM: 716e37bf-c0e4-4e10-b6f7-d40cef16c338 - TokenCache: Looking up cache for a token...
    devenv.exe Information: 0 : 8/29/2016 3:22:55 PM: 716e37bf-c0e4-4e10-b6f7-d40cef16c338 - TokenCache: An item matching the requested resource was found in the cache
    devenv.exe Information: 0 : 8/29/2016 3:22:55 PM: 716e37bf-c0e4-4e10-b6f7-d40cef16c338 - TokenCache: An expired or near expiry token was found in the cache
    devenv.exe Information: 0 : 8/29/2016 3:22:55 PM: 716e37bf-c0e4-4e10-b6f7-d40cef16c338 - TokenCache: A matching item (access token or refresh token or both) was found in the cache
    devenv.exe Information: 0 : 8/29/2016 3:22:55 PM: 716e37bf-c0e4-4e10-b6f7-d40cef16c338 - <RefreshAccessTokenAsync>d__11: Refreshing access token...
    devenv.exe Information: 0 : 8/29/2016 3:22:56 PM: 716e37bf-c0e4-4e10-b6f7-d40cef16c338 - AcquireTokenSilentHandler: No token matching arguments found in the cache
    devenv.exe Error: 0 : 8/29/2016 3:22:56 PM: 716e37bf-c0e4-4e10-b6f7-d40cef16c338 - <RunAsync>d__0: Microsoft.IdentityModel.Clients.ActiveDirectory.AdalSilentTokenAcquisitionException: Failed to acquire token silently. Call method AcquireToken
   at Microsoft.IdentityModel.Clients.ActiveDirectory.AcquireTokenSilentHandler.SendTokenRequestAsync()
   at Microsoft.IdentityModel.Clients.ActiveDirectory.AcquireTokenHandlerBase.<RunAsync>d__0.MoveNext()
	ErrorCode: failed_to_acquire_token_silently
    Informational: ------ Discover test started ------
    Informational: NUnit VS Adapter 2.0.0.0 discovering tests is started
    Informational: NUnit VS Adapter 2.0.0.0 discovering tests is started
    Informational: NUnit VS Adapter 2.0.0.0 discovering test is finished
    Informational: NUnit VS Adapter 2.0.0.0 discovering test is finished
    Informational: ========== Discover test finished: 3 found (0:00:05.1375137) ==========
    Informational: ------ Discover test started ------
    Informational: NUnit VS Adapter 2.0.0.0 discovering tests is started
    Informational: NUnit VS Adapter 2.0.0.0 discovering tests is started
    Informational: NUnit VS Adapter 2.0.0.0 discovering test is finished
    Informational: NUnit VS Adapter 2.0.0.0 discovering test is finished
    Informational: ========== Discover test finished: 3 found (0:00:00.9440944) ==========
    Informational: ------ Discover test started ------
    Informational: NUnit VS Adapter 2.0.0.0 discovering tests is started
    Informational: NUnit VS Adapter 2.0.0.0 discovering tests is started
    Informational: NUnit VS Adapter 2.0.0.0 discovering test is finished
    Informational: NUnit VS Adapter 2.0.0.0 discovering test is finished
    Informational: ========== Discover test finished: 3 found (0:00:00.7880788) ==========
    Informational: ------ Discover test started ------
    Informational: NUnit VS Adapter 2.0.0.0 discovering tests is started
    Informational: NUnit VS Adapter 2.0.0.0 discovering tests is started
    Informational: NUnit VS Adapter 2.0.0.0 discovering test is finished
    Informational: NUnit VS Adapter 2.0.0.0 discovering test is finished
    Informational: ========== Discover test finished: 3 found (0:00:00.8510851) ==========
